<?xml version="1.0" encoding="UTF-8"?>
<testng-results total="1" passed="1" failed="0" skipped="0">
  <reporter-output>
  </reporter-output>
  <suite started-at="2021-04-08T06:03:37Z" name="Default suite" finished-at="2021-04-08T06:03:41Z" duration-ms="3581">
    <groups>
    </groups>
    <test started-at="2021-04-08T06:03:37Z" name="Default test" finished-at="2021-04-08T06:03:41Z" duration-ms="3581">
      <class name="NewTwitter.Tweet.SearchTweet">
        <test-method signature="tweet1()[pri:0, instance:NewTwitter.Tweet.SearchTweet@78aea4b9]" started-at="2021-04-08T11:33:37Z" name="tweet1" finished-at="2021-04-08T11:33:41Z" duration-ms="3553" status="PASS">
          <reporter-output>
          </reporter-output>
        </test-method> <!-- tweet1 -->
      </class> <!-- NewTwitter.Tweet.SearchTweet -->
    </test> <!-- Default test -->
  </suite> <!-- Default suite -->
</testng-results>
